# JRE version: Java(TM) SE Runtime Environment (8.0_181-b13) (build 1.8.0_181-b13)
# Java VM: Java HotSpot(TM) 64-Bit Server VM (25.181-b13 mixed mode windows-amd64 compressed oops)
Heap:
 PSYoungGen      total 580096K, used 144800K [0x00000000d5d00000, 0x0000000100000000, 0x0000000100000000)
  eden space 517120K, 28% used [0x00000000d5d00000,0x00000000dea683f0,0x00000000f5600000)
  from space 62976K, 0% used [0x00000000fc280000,0x00000000fc280000,0x0000000100000000)
  to   space 87040K, 0% used [0x00000000f5600000,0x00000000f5600000,0x00000000fab00000)
 ParOldGen       total 425472K, used 268781K [0x0000000081600000, 0x000000009b580000, 0x00000000d5d00000)
  object space 425472K, 63% used [0x0000000081600000,0x0000000091c7b550,0x000000009b580000)
 Metaspace       used 33681K, capacity 34548K, committed 34816K, reserved 1079296K
  class space    used 3742K, capacity 4002K, committed 4096K, reserved 1048576K
GC Heap History (10 events):
Event: 36.359 GC heap before
{Heap before GC invocations=24 (full 3):
 PSYoungGen      total 525824K, used 475192K [0x00000000d5d00000, 0x00000000fae80000, 0x0000000100000000)
  eden space 462336K, 100% used [0x00000000d5d00000,0x00000000f2080000,0x00000000f2080000)
  from space 63488K, 20% used [0x00000000f7080000,0x00000000f7d0e1b8,0x00000000fae80000)
  to   space 72704K, 0% used [0x00000000f2080000,0x00000000f2080000,0x00000000f6780000)
 ParOldGen       total 268800K, used 200918K [0x0000000081600000, 0x0000000091c80000, 0x00000000d5d00000)
  object space 268800K, 74% used [0x0000000081600000,0x000000008da35a28,0x0000000091c80000)
 Metaspace       used 31614K, capacity 32406K, committed 32768K, reserved 1079296K
  class space    used 3546K, capacity 3737K, committed 3840K, reserved 1048576K
Event: 36.387 GC heap after
Heap after GC invocations=24 (full 3):
 PSYoungGen      total 535040K, used 12850K [0x00000000d5d00000, 0x00000000fe000000, 0x0000000100000000)
  eden space 462336K, 0% used [0x00000000d5d00000,0x00000000d5d00000,0x00000000f2080000)
  from space 72704K, 17% used [0x00000000f2080000,0x00000000f2d0c980,0x00000000f6780000)
  to   space 69120K, 0% used [0x00000000f9c80000,0x00000000f9c80000,0x00000000fe000000)
 ParOldGen       total 268800K, used 200918K [0x0000000081600000, 0x0000000091c80000, 0x00000000d5d00000)
  object space 268800K, 74% used [0x0000000081600000,0x000000008da35a28,0x0000000091c80000)
 Metaspace       used 31614K, capacity 32406K, committed 32768K, reserved 1079296K
  class space    used 3546K, capacity 3737K, committed 3840K, reserved 1048576K
}
Event: 38.150 GC heap before
{Heap before GC invocations=25 (full 3):
 PSYoungGen      total 535040K, used 475186K [0x00000000d5d00000, 0x00000000fe000000, 0x0000000100000000)
  eden space 462336K, 100% used [0x00000000d5d00000,0x00000000f2080000,0x00000000f2080000)
  from space 72704K, 17% used [0x00000000f2080000,0x00000000f2d0c980,0x00000000f6780000)
  to   space 69120K, 0% used [0x00000000f9c80000,0x00000000f9c80000,0x00000000fe000000)
 ParOldGen       total 268800K, used 200918K [0x0000000081600000, 0x0000000091c80000, 0x00000000d5d00000)
  object space 268800K, 74% used [0x0000000081600000,0x000000008da35a28,0x0000000091c80000)
 Metaspace       used 31626K, capacity 32406K, committed 32768K, reserved 1079296K
  class space    used 3547K, capacity 3737K, committed 3840K, reserved 1048576K
Event: 38.164 GC heap after
Heap after GC invocations=25 (full 3):
 PSYoungGen      total 572928K, used 12882K [0x00000000d5d00000, 0x00000000fd500000, 0x0000000100000000)
  eden space 515072K, 0% used [0x00000000d5d00000,0x00000000d5d00000,0x00000000f5400000)
  from space 57856K, 22% used [0x00000000f9c80000,0x00000000fa914980,0x00000000fd500000)
  to   space 66048K, 0% used [0x00000000f5400000,0x00000000f5400000,0x00000000f9480000)
 ParOldGen       total 268800K, used 200926K [0x0000000081600000, 0x0000000091c80000, 0x00000000d5d00000)
  object space 268800K, 74% used [0x0000000081600000,0x000000008da37a28,0x0000000091c80000)
 Metaspace       used 31626K, capacity 32406K, committed 32768K, reserved 1079296K
  class space    used 3547K, capacity 3737K, committed 3840K, reserved 1048576K
}
Event: 39.791 GC heap before
{Heap before GC invocations=26 (full 3):
 PSYoungGen      total 572928K, used 527954K [0x00000000d5d00000, 0x00000000fd500000, 0x0000000100000000)
  eden space 515072K, 100% used [0x00000000d5d00000,0x00000000f5400000,0x00000000f5400000)
  from space 57856K, 22% used [0x00000000f9c80000,0x00000000fa914980,0x00000000fd500000)
  to   space 66048K, 0% used [0x00000000f5400000,0x00000000f5400000,0x00000000f9480000)
 ParOldGen       total 268800K, used 200926K [0x0000000081600000, 0x0000000091c80000, 0x00000000d5d00000)
  object space 268800K, 74% used [0x0000000081600000,0x000000008da37a28,0x0000000091c80000)
 Metaspace       used 31633K, capacity 32406K, committed 32768K, reserved 1079296K
  class space    used 3547K, capacity 3737K, committed 3840K, reserved 1048576K
Event: 39.802 GC heap after
Heap after GC invocations=26 (full 3):
 PSYoungGen      total 581120K, used 12882K [0x00000000d5d00000, 0x0000000100000000, 0x0000000100000000)
  eden space 515072K, 0% used [0x00000000d5d00000,0x00000000d5d00000,0x00000000f5400000)
  from space 66048K, 19% used [0x00000000f5400000,0x00000000f6094980,0x00000000f9480000)
  to   space 62976K, 0% used [0x00000000fc280000,0x00000000fc280000,0x0000000100000000)
 ParOldGen       total 268800K, used 200934K [0x0000000081600000, 0x0000000091c80000, 0x00000000d5d00000)
  object space 268800K, 74% used [0x0000000081600000,0x000000008da39a28,0x0000000091c80000)
 Metaspace       used 31633K, capacity 32406K, committed 32768K, reserved 1079296K
  class space    used 3547K, capacity 3737K, committed 3840K, reserved 1048576K
}
Event: 41.464 GC heap before
{Heap before GC invocations=27 (full 3):
 PSYoungGen      total 581120K, used 527954K [0x00000000d5d00000, 0x0000000100000000, 0x0000000100000000)
  eden space 515072K, 100% used [0x00000000d5d00000,0x00000000f5400000,0x00000000f5400000)
  from space 66048K, 19% used [0x00000000f5400000,0x00000000f6094980,0x00000000f9480000)
  to   space 62976K, 0% used [0x00000000fc280000,0x00000000fc280000,0x0000000100000000)
 ParOldGen       total 268800K, used 200934K [0x0000000081600000, 0x0000000091c80000, 0x00000000d5d00000)
  object space 268800K, 74% used [0x0000000081600000,0x000000008da39a28,0x0000000091c80000)
 Metaspace       used 31750K, capacity 32522K, committed 32768K, reserved 1079296K
  class space    used 3558K, capacity 3772K, committed 3840K, reserved 1048576K
Event: 41.771 GC heap after
Heap after GC invocations=27 (full 3):
 PSYoungGen      total 580096K, used 62960K [0x00000000d5d00000, 0x0000000100000000, 0x0000000100000000)
  eden space 517120K, 0% used [0x00000000d5d00000,0x00000000d5d00000,0x00000000f5600000)
  from space 62976K, 99% used [0x00000000fc280000,0x00000000ffffc2c8,0x0000000100000000)
  to   space 87040K, 0% used [0x00000000f5600000,0x00000000f5600000,0x00000000fab00000)
 ParOldGen       total 268800K, used 234732K [0x0000000081600000, 0x0000000091c80000, 0x00000000d5d00000)
  object space 268800K, 87% used [0x0000000081600000,0x000000008fb3b3e8,0x0000000091c80000)
 Metaspace       used 31750K, capacity 32522K, committed 32768K, reserved 1079296K
  class space    used 3558K, capacity 3772K, committed 3840K, reserved 1048576K
}
Event: 41.772 GC heap before
{Heap before GC invocations=28 (full 4):
 PSYoungGen      total 580096K, used 62960K [0x00000000d5d00000, 0x0000000100000000, 0x0000000100000000)
  eden space 517120K, 0% used [0x00000000d5d00000,0x00000000d5d00000,0x00000000f5600000)
  from space 62976K, 99% used [0x00000000fc280000,0x00000000ffffc2c8,0x0000000100000000)
  to   space 87040K, 0% used [0x00000000f5600000,0x00000000f5600000,0x00000000fab00000)
 ParOldGen       total 268800K, used 234732K [0x0000000081600000, 0x0000000091c80000, 0x00000000d5d00000)
  object space 268800K, 87% used [0x0000000081600000,0x000000008fb3b3e8,0x0000000091c80000)
 Metaspace       used 31750K, capacity 32522K, committed 32768K, reserved 1079296K
  class space    used 3558K, capacity 3772K, committed 3840K, reserved 1048576K
Event: 43.839 GC heap after
Heap after GC invocations=28 (full 4):
 PSYoungGen      total 580096K, used 0K [0x00000000d5d00000, 0x0000000100000000, 0x0000000100000000)
  eden space 517120K, 0% used [0x00000000d5d00000,0x00000000d5d00000,0x00000000f5600000)
  from space 62976K, 0% used [0x00000000fc280000,0x00000000fc280000,0x0000000100000000)
  to   space 87040K, 0% used [0x00000000f5600000,0x00000000f5600000,0x00000000fab00000)
 ParOldGen       total 425472K, used 268781K [0x0000000081600000, 0x000000009b580000, 0x00000000d5d00000)
  object space 425472K, 63% used [0x0000000081600000,0x0000000091c7b550,0x000000009b580000)
 Metaspace       used 31739K, capacity 32508K, committed 32768K, reserved 1079296K
  class space    used 3557K, capacity 3770K, committed 3840K, reserved 1048576K
}

